2020-10-04 12:59:31,174 ERROR    root            (gcloud) Command name argument expected.
2020-10-04 12:59:31,179 DEBUG    root            No implementation for release track [GA] for element: [/Users/kaitomori/google-cloud-sdk/lib/surface/code]
2020-10-04 12:59:31,181 DEBUG    root            No implementation for release track [GA] for element: [/Users/kaitomori/google-cloud-sdk/lib/surface/assured]
2020-10-04 12:59:31,182 DEBUG    root            No implementation for release track [GA] for element: [/Users/kaitomori/google-cloud-sdk/lib/surface/cloud_shell]
2020-10-04 12:59:31,183 DEBUG    root            Loaded Command Group: ['gcloud', 'monitoring']
2020-10-04 12:59:31,186 DEBUG    root            No implementation for release track [GA] for element: [/Users/kaitomori/google-cloud-sdk/lib/surface/trace]
2020-10-04 12:59:31,187 DEBUG    root            No implementation for release track [GA] for element: [/Users/kaitomori/google-cloud-sdk/lib/surface/artifacts]
2020-10-04 12:59:31,188 DEBUG    root            Loaded Command Group: ['gcloud', 'data_catalog']
2020-10-04 12:59:31,192 DEBUG    root            Loaded Command Group: ['gcloud', 'domains']
2020-10-04 12:59:31,196 DEBUG    root            Loaded Command Group: ['gcloud', 'redis']
2020-10-04 12:59:31,213 DEBUG    root            Loaded Command Group: ['gcloud', 'info']
2020-10-04 12:59:31,216 DEBUG    root            No implementation for release track [GA] for element: [/Users/kaitomori/google-cloud-sdk/lib/surface/resource_settings]
2020-10-04 12:59:31,217 DEBUG    root            No implementation for release track [GA] for element: [/Users/kaitomori/google-cloud-sdk/lib/surface/eventarc]
2020-10-04 12:59:31,218 DEBUG    root            Loaded Command Group: ['gcloud', 'iap']
2020-10-04 12:59:31,223 DEBUG    root            Loaded Command Group: ['gcloud', 'version']
2020-10-04 12:59:31,227 DEBUG    root            Loaded Command Group: ['gcloud', 'functions']
2020-10-04 12:59:31,230 DEBUG    root            No implementation for release track [GA] for element: [/Users/kaitomori/google-cloud-sdk/lib/surface/org_policies]
2020-10-04 12:59:31,231 DEBUG    root            Loaded Command Group: ['gcloud', 'organizations']
2020-10-04 12:59:31,233 DEBUG    root            Loaded Command Group: ['gcloud', 'resource_manager']
2020-10-04 12:59:31,235 DEBUG    root            No implementation for release track [GA] for element: [/Users/kaitomori/google-cloud-sdk/lib/surface/emulators]
2020-10-04 12:59:31,236 DEBUG    root            No implementation for release track [GA] for element: [/Users/kaitomori/google-cloud-sdk/lib/surface/remote_build_execution]
2020-10-04 12:59:31,237 DEBUG    root            No implementation for release track [GA] for element: [/Users/kaitomori/google-cloud-sdk/lib/surface/network_services]
2020-10-04 12:59:31,238 DEBUG    root            No implementation for release track [GA] for element: [/Users/kaitomori/google-cloud-sdk/lib/surface/metastore]
2020-10-04 12:59:31,239 DEBUG    root            Loaded Command Group: ['gcloud', 'app']
2020-10-04 12:59:31,243 DEBUG    root            No implementation for release track [GA] for element: [/Users/kaitomori/google-cloud-sdk/lib/surface/vmware]
2020-10-04 12:59:31,245 DEBUG    root            Loaded Command Group: ['gcloud', 'ml']
2020-10-04 12:59:31,250 DEBUG    root            No implementation for release track [GA] for element: [/Users/kaitomori/google-cloud-sdk/lib/surface/runtime_config]
2020-10-04 12:59:31,251 DEBUG    root            No implementation for release track [GA] for element: [/Users/kaitomori/google-cloud-sdk/lib/surface/service_directory]
2020-10-04 12:59:31,252 DEBUG    root            Loaded Command Group: ['gcloud', 'scc']
2020-10-04 12:59:31,256 DEBUG    root            Loaded Command Group: ['gcloud', 'source']
2020-10-04 12:59:31,259 DEBUG    root            Loaded Command Group: ['gcloud', 'composer']
2020-10-04 12:59:31,262 DEBUG    root            No implementation for release track [GA] for element: [/Users/kaitomori/google-cloud-sdk/lib/surface/certificate_manager]
2020-10-04 12:59:31,264 DEBUG    root            Loaded Command Group: ['gcloud', 'scheduler']
2020-10-04 12:59:31,267 DEBUG    root            Loaded Command Group: ['gcloud', 'components']
2020-10-04 12:59:31,290 DEBUG    root            Loaded Command Group: ['gcloud', 'container']
2020-10-04 12:59:31,295 DEBUG    root            No implementation for release track [GA] for element: [/Users/kaitomori/google-cloud-sdk/lib/surface/storage]
2020-10-04 12:59:31,296 DEBUG    root            Loaded Command Group: ['gcloud', 'dataflow']
2020-10-04 12:59:31,299 DEBUG    root            Loaded Command Group: ['gcloud', 'filestore']
2020-10-04 12:59:31,418 DEBUG    root            Loaded Command Group: ['gcloud', 'compute']
2020-10-04 12:59:31,426 DEBUG    root            Loaded Command Group: ['gcloud', 'feedback']
2020-10-04 12:59:31,438 DEBUG    root            Loaded Command Group: ['gcloud', 'survey']
2020-10-04 12:59:31,441 DEBUG    root            No implementation for release track [GA] for element: [/Users/kaitomori/google-cloud-sdk/lib/surface/web_security_scanner]
2020-10-04 12:59:31,442 DEBUG    root            No implementation for release track [GA] for element: [/Users/kaitomori/google-cloud-sdk/lib/surface/lifesciences]
2020-10-04 12:59:31,443 DEBUG    root            Loaded Command Group: ['gcloud', 'identity']
2020-10-04 12:59:31,446 DEBUG    root            Loaded Command Group: ['gcloud', 'dataproc']
2020-10-04 12:59:31,450 DEBUG    root            No implementation for release track [GA] for element: [/Users/kaitomori/google-cloud-sdk/lib/surface/data_fusion]
2020-10-04 12:59:31,451 DEBUG    root            No implementation for release track [GA] for element: [/Users/kaitomori/google-cloud-sdk/lib/surface/admin_service_cluster]
2020-10-04 12:59:31,459 DEBUG    root            Loaded Command Group: ['gcloud', 'help']
2020-10-04 12:59:31,462 DEBUG    root            No implementation for release track [GA] for element: [/Users/kaitomori/google-cloud-sdk/lib/surface/bq]
2020-10-04 12:59:31,463 DEBUG    root            No implementation for release track [GA] for element: [/Users/kaitomori/google-cloud-sdk/lib/surface/privateca]
2020-10-04 12:59:31,505 DEBUG    root            No implementation for release track [GA] for element: [/Users/kaitomori/google-cloud-sdk/lib/surface/events]
2020-10-04 12:59:31,506 DEBUG    root            No implementation for release track [GA] for element: [/Users/kaitomori/google-cloud-sdk/lib/surface/genomics]
2020-10-04 12:59:31,507 DEBUG    root            No implementation for release track [GA] for element: [/Users/kaitomori/google-cloud-sdk/lib/surface/ai]
2020-10-04 12:59:31,509 DEBUG    root            No implementation for release track [GA] for element: [/Users/kaitomori/google-cloud-sdk/lib/surface/workflows]
2020-10-04 12:59:31,510 DEBUG    root            Loaded Command Group: ['gcloud', 'tasks']
2020-10-04 12:59:31,610 DEBUG    root            No implementation for release track [GA] for element: [/Users/kaitomori/google-cloud-sdk/lib/surface/interactive]
2020-10-04 12:59:31,611 DEBUG    root            Loaded Command Group: ['gcloud', 'recommender']
2020-10-04 12:59:31,614 DEBUG    root            Loaded Command Group: ['gcloud', 'deployment_manager']
2020-10-04 12:59:31,618 DEBUG    root            Loaded Command Group: ['gcloud', 'iam']
2020-10-04 12:59:31,621 DEBUG    root            Loaded Command Group: ['gcloud', 'datastore']
2020-10-04 12:59:31,623 DEBUG    root            No implementation for release track [GA] for element: [/Users/kaitomori/google-cloud-sdk/lib/surface/error_reporting]
2020-10-04 12:59:31,624 DEBUG    root            Loaded Command Group: ['gcloud', 'logging']
2020-10-04 12:59:31,628 DEBUG    root            No implementation for release track [GA] for element: [/Users/kaitomori/google-cloud-sdk/lib/surface/apigee]
2020-10-04 12:59:31,629 DEBUG    root            No implementation for release track [GA] for element: [/Users/kaitomori/google-cloud-sdk/lib/surface/billing]
2020-10-04 12:59:31,630 DEBUG    root            No implementation for release track [GA] for element: [/Users/kaitomori/google-cloud-sdk/lib/surface/notebooks]
2020-10-04 12:59:31,634 DEBUG    root            Loaded Command Group: ['gcloud', 'debug']
2020-10-04 12:59:31,637 DEBUG    root            Loaded Command Group: ['gcloud', 'network_management']
2020-10-04 12:59:31,640 DEBUG    root            No implementation for release track [GA] for element: [/Users/kaitomori/google-cloud-sdk/lib/surface/access_approval]
2020-10-04 12:59:31,650 DEBUG    root            Loaded Command Group: ['gcloud', 'projects']
2020-10-04 12:59:31,653 DEBUG    root            Loaded Command Group: ['gcloud', 'bigtable']
2020-10-04 12:59:31,655 DEBUG    root            Loaded Command Group: ['gcloud', 'auth']
2020-10-04 12:59:31,657 DEBUG    root            Loaded Command Group: ['gcloud', 'kms']
2020-10-04 12:59:31,662 DEBUG    root            No implementation for release track [GA] for element: [/Users/kaitomori/google-cloud-sdk/lib/surface/labelmanager]
2020-10-04 12:59:31,664 DEBUG    root            Loaded Command Group: ['gcloud', 'anthos']
2020-10-04 12:59:31,679 DEBUG    root            Loaded Command Group: ['gcloud', 'docker']
2020-10-04 12:59:31,684 DEBUG    root            No implementation for release track [GA] for element: [/Users/kaitomori/google-cloud-sdk/lib/surface/recaptcha]
2020-10-04 12:59:31,686 DEBUG    root            Loaded Command Group: ['gcloud', 'firestore']
2020-10-04 12:59:31,690 DEBUG    root            Loaded Command Group: ['gcloud', 'access_context_manager']
2020-10-04 12:59:31,697 DEBUG    root            Loaded Command Group: ['gcloud', 'init']
2020-10-04 12:59:31,731 DEBUG    root            No implementation for release track [GA] for element: [/Users/kaitomori/google-cloud-sdk/lib/surface/api_gateway]
2020-10-04 12:59:31,732 DEBUG    root            Loaded Command Group: ['gcloud', 'policy_troubleshoot']
2020-10-04 12:59:31,735 DEBUG    root            Loaded Command Group: ['gcloud', 'meta']
2020-10-04 12:59:31,739 DEBUG    root            No implementation for release track [GA] for element: [/Users/kaitomori/google-cloud-sdk/lib/surface/memcache]
2020-10-04 12:59:31,740 DEBUG    root            Loaded Command Group: ['gcloud', 'active_directory']
2020-10-04 12:59:31,743 DEBUG    root            Loaded Command Group: ['gcloud', 'topic']
2020-10-04 12:59:31,747 DEBUG    root            No implementation for release track [GA] for element: [/Users/kaitomori/google-cloud-sdk/lib/surface/dlp]
2020-10-04 12:59:31,750 DEBUG    root            Loaded Command Group: ['gcloud', 'cheat_sheet']
2020-10-04 12:59:31,753 DEBUG    root            Loaded Command Group: ['gcloud', 'dns']
2020-10-04 12:59:31,755 DEBUG    root            Loaded Command Group: ['gcloud', 'game']
2020-10-04 12:59:31,757 DEBUG    root            Loaded Command Group: ['gcloud', 'healthcare']
2020-10-04 12:59:31,760 DEBUG    root            Loaded Command Group: ['gcloud', 'asset']
2020-10-04 12:59:31,764 DEBUG    root            No implementation for release track [GA] for element: [/Users/kaitomori/google-cloud-sdk/lib/surface/dialogflow]
2020-10-04 12:59:31,765 DEBUG    root            No implementation for release track [GA] for element: [/Users/kaitomori/google-cloud-sdk/lib/surface/network_connectivity]
2020-10-04 12:59:31,766 DEBUG    root            Loaded Command Group: ['gcloud', 'pubsub']
2020-10-04 12:59:31,770 DEBUG    root            Loaded Command Group: ['gcloud', 'ai_platform']
2020-10-04 12:59:31,772 DEBUG    root            Loaded Command Group: ['gcloud', 'secrets']
2020-10-04 12:59:31,776 DEBUG    root            Loaded Command Group: ['gcloud', 'config']
2020-10-04 12:59:31,779 DEBUG    root            Loaded Command Group: ['gcloud', 'endpoints']
2020-10-04 12:59:31,782 DEBUG    root            No implementation for release track [GA] for element: [/Users/kaitomori/google-cloud-sdk/lib/surface/commerce_procurement]
2020-10-04 12:59:31,785 DEBUG    root            Loaded Command Group: ['gcloud', 'builds']
2020-10-04 12:59:31,791 DEBUG    root            Loaded Command Group: ['gcloud', 'firebase']
2020-10-04 12:59:31,795 DEBUG    root            No implementation for release track [GA] for element: [/Users/kaitomori/google-cloud-sdk/lib/surface/kuberun]
2020-10-04 12:59:31,796 DEBUG    root            Loaded Command Group: ['gcloud', 'spanner']
2020-10-04 12:59:31,799 DEBUG    root            No implementation for release track [GA] for element: [/Users/kaitomori/google-cloud-sdk/lib/surface/database_migration]
2020-10-04 12:59:31,801 DEBUG    root            Loaded Command Group: ['gcloud', 'services']
2020-10-04 12:59:31,804 DEBUG    root            Loaded Command Group: ['gcloud', 'ml_engine']
2020-10-04 12:59:31,806 DEBUG    root            Loaded Command Group: ['gcloud', 'run']
2020-10-04 12:59:31,811 DEBUG    root            No implementation for release track [GA] for element: [/Users/kaitomori/google-cloud-sdk/lib/surface/network_security]
2020-10-04 12:59:31,812 DEBUG    root            Loaded Command Group: ['gcloud', 'sql']
2020-10-04 12:59:31,815 DEBUG    root            Loaded Command Group: ['gcloud', 'iot']
2020-10-04 12:59:35,441 DEBUG    root            Metrics reporting process started...
