2020-10-05 20:39:08,680 ERROR    root            (gcloud) Command name argument expected.
2020-10-05 20:39:08,683 DEBUG    root            Loaded Command Group: ['gcloud', 'ml']
2020-10-05 20:39:08,690 DEBUG    root            No implementation for release track [GA] for element: [/Users/kaitomori/google-cloud-sdk/lib/surface/dlp]
2020-10-05 20:39:08,692 DEBUG    root            No implementation for release track [GA] for element: [/Users/kaitomori/google-cloud-sdk/lib/surface/vmware]
2020-10-05 20:39:08,695 DEBUG    root            No implementation for release track [GA] for element: [/Users/kaitomori/google-cloud-sdk/lib/surface/assured]
2020-10-05 20:39:08,697 DEBUG    root            Loaded Command Group: ['gcloud', 'organizations']
2020-10-05 20:39:08,703 DEBUG    root            No implementation for release track [GA] for element: [/Users/kaitomori/google-cloud-sdk/lib/surface/certificate_manager]
2020-10-05 20:39:08,705 DEBUG    root            No implementation for release track [GA] for element: [/Users/kaitomori/google-cloud-sdk/lib/surface/remote_build_execution]
2020-10-05 20:39:08,707 DEBUG    root            Loaded Command Group: ['gcloud', 'source']
2020-10-05 20:39:08,711 DEBUG    root            Loaded Command Group: ['gcloud', 'meta']
2020-10-05 20:39:08,718 DEBUG    root            No implementation for release track [GA] for element: [/Users/kaitomori/google-cloud-sdk/lib/surface/error_reporting]
2020-10-05 20:39:08,724 DEBUG    root            Loaded Command Group: ['gcloud', 'functions']
2020-10-05 20:39:08,729 DEBUG    root            No implementation for release track [GA] for element: [/Users/kaitomori/google-cloud-sdk/lib/surface/lifesciences]
2020-10-05 20:39:08,736 DEBUG    root            Loaded Command Group: ['gcloud', 'builds']
2020-10-05 20:39:08,742 DEBUG    root            No implementation for release track [GA] for element: [/Users/kaitomori/google-cloud-sdk/lib/surface/bq]
2020-10-05 20:39:08,745 DEBUG    root            Loaded Command Group: ['gcloud', 'dataflow']
2020-10-05 20:39:08,820 DEBUG    root            Loaded Command Group: ['gcloud', 'run']
2020-10-05 20:39:08,827 DEBUG    root            Loaded Command Group: ['gcloud', 'config']
2020-10-05 20:39:08,831 DEBUG    root            Loaded Command Group: ['gcloud', 'iot']
2020-10-05 20:39:08,836 DEBUG    root            Loaded Command Group: ['gcloud', 'monitoring']
2020-10-05 20:39:08,841 DEBUG    root            No implementation for release track [GA] for element: [/Users/kaitomori/google-cloud-sdk/lib/surface/genomics]
2020-10-05 20:39:08,843 DEBUG    root            No implementation for release track [GA] for element: [/Users/kaitomori/google-cloud-sdk/lib/surface/trace]
2020-10-05 20:39:08,845 DEBUG    root            No implementation for release track [GA] for element: [/Users/kaitomori/google-cloud-sdk/lib/surface/emulators]
2020-10-05 20:39:08,860 DEBUG    root            Loaded Command Group: ['gcloud', 'help']
2020-10-05 20:39:08,864 DEBUG    root            Loaded Command Group: ['gcloud', 'network_management']
2020-10-05 20:39:08,868 DEBUG    root            Loaded Command Group: ['gcloud', 'iam']
2020-10-05 20:39:08,873 DEBUG    root            No implementation for release track [GA] for element: [/Users/kaitomori/google-cloud-sdk/lib/surface/apigee]
2020-10-05 20:39:08,875 DEBUG    root            Loaded Command Group: ['gcloud', 'access_context_manager']
2020-10-05 20:39:08,880 DEBUG    root            No implementation for release track [GA] for element: [/Users/kaitomori/google-cloud-sdk/lib/surface/service_directory]
2020-10-05 20:39:08,893 DEBUG    root            Loaded Command Group: ['gcloud', 'info']
2020-10-05 20:39:08,897 DEBUG    root            Loaded Command Group: ['gcloud', 'version']
2020-10-05 20:39:08,992 DEBUG    root            Loaded Command Group: ['gcloud', 'compute']
2020-10-05 20:39:09,041 DEBUG    root            Loaded Command Group: ['gcloud', 'healthcare']
2020-10-05 20:39:09,052 DEBUG    root            Loaded Command Group: ['gcloud', 'scheduler']
2020-10-05 20:39:09,056 DEBUG    root            Loaded Command Group: ['gcloud', 'filestore']
2020-10-05 20:39:09,107 DEBUG    root            Loaded Command Group: ['gcloud', 'ai_platform']
2020-10-05 20:39:09,113 DEBUG    root            Loaded Command Group: ['gcloud', 'services']
2020-10-05 20:39:09,119 DEBUG    root            No implementation for release track [GA] for element: [/Users/kaitomori/google-cloud-sdk/lib/surface/commerce_procurement]
2020-10-05 20:39:09,124 DEBUG    root            Loaded Command Group: ['gcloud', 'feedback']
2020-10-05 20:39:09,127 DEBUG    root            Loaded Command Group: ['gcloud', 'domains']
2020-10-05 20:39:09,132 DEBUG    root            Loaded Command Group: ['gcloud', 'bigtable']
2020-10-05 20:39:09,138 DEBUG    root            Loaded Command Group: ['gcloud', 'firebase']
2020-10-05 20:39:09,156 DEBUG    root            Loaded Command Group: ['gcloud', 'survey']
2020-10-05 20:39:09,159 DEBUG    root            No implementation for release track [GA] for element: [/Users/kaitomori/google-cloud-sdk/lib/surface/metastore]
2020-10-05 20:39:09,162 DEBUG    root            No implementation for release track [GA] for element: [/Users/kaitomori/google-cloud-sdk/lib/surface/notebooks]
2020-10-05 20:39:09,163 DEBUG    root            Loaded Command Group: ['gcloud', 'auth']
2020-10-05 20:39:09,170 DEBUG    root            No implementation for release track [GA] for element: [/Users/kaitomori/google-cloud-sdk/lib/surface/network_services]
2020-10-05 20:39:09,172 DEBUG    root            Loaded Command Group: ['gcloud', 'components']
2020-10-05 20:39:09,177 DEBUG    root            Loaded Command Group: ['gcloud', 'logging']
2020-10-05 20:39:09,184 DEBUG    root            No implementation for release track [GA] for element: [/Users/kaitomori/google-cloud-sdk/lib/surface/kuberun]
2020-10-05 20:39:09,186 DEBUG    root            Loaded Command Group: ['gcloud', 'container']
2020-10-05 20:39:09,193 DEBUG    root            No implementation for release track [GA] for element: [/Users/kaitomori/google-cloud-sdk/lib/surface/admin_service_cluster]
2020-10-05 20:39:09,195 DEBUG    root            No implementation for release track [GA] for element: [/Users/kaitomori/google-cloud-sdk/lib/surface/labelmanager]
2020-10-05 20:39:09,197 DEBUG    root            Loaded Command Group: ['gcloud', 'composer']
2020-10-05 20:39:09,203 DEBUG    root            Loaded Command Group: ['gcloud', 'anthos']
2020-10-05 20:39:09,211 DEBUG    root            Loaded Command Group: ['gcloud', 'debug']
2020-10-05 20:39:09,215 DEBUG    root            Loaded Command Group: ['gcloud', 'cheat_sheet']
2020-10-05 20:39:09,219 DEBUG    root            Loaded Command Group: ['gcloud', 'asset']
2020-10-05 20:39:09,224 DEBUG    root            Loaded Command Group: ['gcloud', 'app']
2020-10-05 20:39:09,233 DEBUG    root            No implementation for release track [GA] for element: [/Users/kaitomori/google-cloud-sdk/lib/surface/web_security_scanner]
2020-10-05 20:39:09,235 DEBUG    root            Loaded Command Group: ['gcloud', 'recommender']
2020-10-05 20:39:09,239 DEBUG    root            Loaded Command Group: ['gcloud', 'spanner']
2020-10-05 20:39:09,246 DEBUG    root            No implementation for release track [GA] for element: [/Users/kaitomori/google-cloud-sdk/lib/surface/data_fusion]
2020-10-05 20:39:09,248 DEBUG    root            Loaded Command Group: ['gcloud', 'dataproc']
2020-10-05 20:39:09,254 DEBUG    root            No implementation for release track [GA] for element: [/Users/kaitomori/google-cloud-sdk/lib/surface/api_gateway]
2020-10-05 20:39:09,478 DEBUG    root            No implementation for release track [GA] for element: [/Users/kaitomori/google-cloud-sdk/lib/surface/interactive]
2020-10-05 20:39:09,480 DEBUG    root            No implementation for release track [GA] for element: [/Users/kaitomori/google-cloud-sdk/lib/surface/cloud_shell]
2020-10-05 20:39:09,481 DEBUG    root            Loaded Command Group: ['gcloud', 'policy_troubleshoot']
2020-10-05 20:39:09,485 DEBUG    root            No implementation for release track [GA] for element: [/Users/kaitomori/google-cloud-sdk/lib/surface/memcache]
2020-10-05 20:39:09,487 DEBUG    root            No implementation for release track [GA] for element: [/Users/kaitomori/google-cloud-sdk/lib/surface/ai]
2020-10-05 20:39:09,488 DEBUG    root            Loaded Command Group: ['gcloud', 'scc']
2020-10-05 20:39:09,494 DEBUG    root            Loaded Command Group: ['gcloud', 'iap']
2020-10-05 20:39:09,499 DEBUG    root            Loaded Command Group: ['gcloud', 'pubsub']
2020-10-05 20:39:09,505 DEBUG    root            No implementation for release track [GA] for element: [/Users/kaitomori/google-cloud-sdk/lib/surface/workflows]
2020-10-05 20:39:09,507 DEBUG    root            Loaded Command Group: ['gcloud', 'datastore']
2020-10-05 20:39:09,511 DEBUG    root            Loaded Command Group: ['gcloud', 'active_directory']
2020-10-05 20:39:09,516 DEBUG    root            Loaded Command Group: ['gcloud', 'firestore']
2020-10-05 20:39:09,521 DEBUG    root            No implementation for release track [GA] for element: [/Users/kaitomori/google-cloud-sdk/lib/surface/storage]
2020-10-05 20:39:09,522 DEBUG    root            Loaded Command Group: ['gcloud', 'resource_manager']
2020-10-05 20:39:09,530 DEBUG    root            No implementation for release track [GA] for element: [/Users/kaitomori/google-cloud-sdk/lib/surface/code]
2020-10-05 20:39:09,531 DEBUG    root            No implementation for release track [GA] for element: [/Users/kaitomori/google-cloud-sdk/lib/surface/network_connectivity]
2020-10-05 20:39:09,537 DEBUG    root            No implementation for release track [GA] for element: [/Users/kaitomori/google-cloud-sdk/lib/surface/events]
2020-10-05 20:39:09,539 DEBUG    root            Loaded Command Group: ['gcloud', 'deployment_manager']
2020-10-05 20:39:09,544 DEBUG    root            No implementation for release track [GA] for element: [/Users/kaitomori/google-cloud-sdk/lib/surface/artifacts]
2020-10-05 20:39:09,547 DEBUG    root            Loaded Command Group: ['gcloud', 'dns']
2020-10-05 20:39:09,552 DEBUG    root            Loaded Command Group: ['gcloud', 'ml_engine']
2020-10-05 20:39:09,556 DEBUG    root            Loaded Command Group: ['gcloud', 'topic']
2020-10-05 20:39:09,560 DEBUG    root            No implementation for release track [GA] for element: [/Users/kaitomori/google-cloud-sdk/lib/surface/privateca]
2020-10-05 20:39:09,562 DEBUG    root            No implementation for release track [GA] for element: [/Users/kaitomori/google-cloud-sdk/lib/surface/org_policies]
2020-10-05 20:39:09,564 DEBUG    root            No implementation for release track [GA] for element: [/Users/kaitomori/google-cloud-sdk/lib/surface/network_security]
2020-10-05 20:39:09,566 DEBUG    root            Loaded Command Group: ['gcloud', 'data_catalog']
2020-10-05 20:39:09,573 DEBUG    root            Loaded Command Group: ['gcloud', 'game']
2020-10-05 20:39:09,577 DEBUG    root            Loaded Command Group: ['gcloud', 'endpoints']
2020-10-05 20:39:09,582 DEBUG    root            No implementation for release track [GA] for element: [/Users/kaitomori/google-cloud-sdk/lib/surface/recaptcha]
2020-10-05 20:39:09,585 DEBUG    root            No implementation for release track [GA] for element: [/Users/kaitomori/google-cloud-sdk/lib/surface/runtime_config]
2020-10-05 20:39:09,586 DEBUG    root            Loaded Command Group: ['gcloud', 'tasks']
2020-10-05 20:39:09,592 DEBUG    root            No implementation for release track [GA] for element: [/Users/kaitomori/google-cloud-sdk/lib/surface/dialogflow]
2020-10-05 20:39:09,595 DEBUG    root            Loaded Command Group: ['gcloud', 'sql']
2020-10-05 20:39:09,603 DEBUG    root            Loaded Command Group: ['gcloud', 'kms']
2020-10-05 20:39:09,625 DEBUG    root            Loaded Command Group: ['gcloud', 'projects']
2020-10-05 20:39:09,628 DEBUG    root            Loaded Command Group: ['gcloud', 'secrets']
2020-10-05 20:39:09,633 DEBUG    root            No implementation for release track [GA] for element: [/Users/kaitomori/google-cloud-sdk/lib/surface/billing]
2020-10-05 20:39:09,635 DEBUG    root            Loaded Command Group: ['gcloud', 'identity']
2020-10-05 20:39:09,638 DEBUG    root            No implementation for release track [GA] for element: [/Users/kaitomori/google-cloud-sdk/lib/surface/resource_settings]
2020-10-05 20:39:09,640 DEBUG    root            No implementation for release track [GA] for element: [/Users/kaitomori/google-cloud-sdk/lib/surface/database_migration]
2020-10-05 20:39:09,641 DEBUG    root            No implementation for release track [GA] for element: [/Users/kaitomori/google-cloud-sdk/lib/surface/access_approval]
2020-10-05 20:39:09,647 DEBUG    root            Loaded Command Group: ['gcloud', 'init']
2020-10-05 20:39:09,659 DEBUG    root            Loaded Command Group: ['gcloud', 'docker']
2020-10-05 20:39:09,662 DEBUG    root            Loaded Command Group: ['gcloud', 'redis']
2020-10-05 20:39:09,665 DEBUG    root            No implementation for release track [GA] for element: [/Users/kaitomori/google-cloud-sdk/lib/surface/eventarc]
2020-10-05 20:40:49,634 DEBUG    root            Metrics reporting process started...
